<?xml version="1.0" encoding="UTF-8"?>
<!-- Generated by org.testng.reporters.JUnitReportReporter -->
<testsuite hostname="DESKTOP-OKSBBVQ" failures="0" tests="1" name="com.testcases.productCartTestCases" time="7.061" errors="0" timestamp="2024-02-01T18:48:15 IST" skipped="0">
  <testcase classname="com.testcases.productCartTestCases" name="verifyProductPrice" time="7.061"/>
  <system-out/>
</testsuite> <!-- com.testcases.productCartTestCases -->
